<?xml version="1.0" encoding="UTF-8"?>
<robot generator="Robot 7.2.2 (Python 3.13.2 on win32)" generated="2025-04-09T15:44:06.944495" rpa="false" schemaversion="5">
<suite id="s1" name="Vipul" source="C:\Users\vipul\PycharmProjects\PythonProject\TestCases\Vipul.robot">
<test id="s1-t1" name="QATest" line="5">
<kw name="Open Browser" owner="SeleniumLibrary">
<msg time="2025-04-09T15:44:07.528023" level="INFO">Opening browser 'chrome' to base url 'https://www.gmail.com/'.</msg>
<arg>https://www.gmail.com/</arg>
<arg>chrome</arg>
<doc>Opens a new browser instance to the optional ``url``.</doc>
<status status="PASS" start="2025-04-09T15:44:07.527024" elapsed="11.925931"/>
</kw>
<kw name="Maximize Browser Window" owner="SeleniumLibrary">
<doc>Maximizes current browser window.</doc>
<status status="PASS" start="2025-04-09T15:44:19.457127" elapsed="0.117204"/>
</kw>
<kw name="Sleep" owner="BuiltIn">
<msg time="2025-04-09T15:44:24.577860" level="INFO">Slept 5 seconds.</msg>
<arg>5s</arg>
<doc>Pauses the test executed for the given time.</doc>
<status status="PASS" start="2025-04-09T15:44:19.576557" elapsed="5.001638"/>
</kw>
<kw name="Close Browser" owner="SeleniumLibrary">
<doc>Closes the current browser.</doc>
<status status="PASS" start="2025-04-09T15:44:24.578873" elapsed="2.850411"/>
</kw>
<status status="PASS" start="2025-04-09T15:44:07.524679" elapsed="19.905929"/>
</test>
<test id="s1-t2" name="QATest1" line="10">
<kw name="Open Browser" owner="SeleniumLibrary">
<msg time="2025-04-09T15:44:27.436321" level="INFO">Opening browser 'chrome' to base url 'https://www.linkedin.com/'.</msg>
<arg>https://www.linkedin.com/</arg>
<arg>chrome</arg>
<doc>Opens a new browser instance to the optional ``url``.</doc>
<status status="PASS" start="2025-04-09T15:44:27.435418" elapsed="4.207502"/>
</kw>
<kw name="Maximize Browser Window" owner="SeleniumLibrary">
<doc>Maximizes current browser window.</doc>
<status status="PASS" start="2025-04-09T15:44:31.644055" elapsed="0.786082"/>
</kw>
<kw name="Sleep" owner="BuiltIn">
<msg time="2025-04-09T15:44:37.432737" level="INFO">Slept 5 seconds.</msg>
<arg>5s</arg>
<doc>Pauses the test executed for the given time.</doc>
<status status="PASS" start="2025-04-09T15:44:32.430884" elapsed="5.002598"/>
</kw>
<kw name="Close Browser" owner="SeleniumLibrary">
<doc>Closes the current browser.</doc>
<status status="PASS" start="2025-04-09T15:44:37.435111" elapsed="2.712524"/>
</kw>
<status status="PASS" start="2025-04-09T15:44:27.433595" elapsed="12.715349"/>
</test>
<status status="PASS" start="2025-04-09T15:44:06.948648" elapsed="33.204091"/>
</suite>
<statistics>
<total>
<stat pass="2" fail="0" skip="0">All Tests</stat>
</total>
<tag>
</tag>
<suite>
<stat name="Vipul" id="s1" pass="2" fail="0" skip="0">Vipul</stat>
</suite>
</statistics>
<errors>
</errors>
</robot>
